<?xml version="1.0" encoding="UTF-8"?>
<testsuite xmlns:xsi="http://www.w3.org/2001/XMLSchema-instance" xsi:noNamespaceSchemaLocation="https://maven.apache.org/surefire/maven-surefire-plugin/xsd/surefire-test-report-3.0.xsd" version="3.0" name="com.hrms.runners.SmokeRunner" time="58.667" tests="5" errors="1" skipped="0" failures="0">
  <properties>
[...]
</properties>
  <testcase name="Add Employee with first and lastname" classname="Add new Employee" time="16.833"/>
  <testcase name="AddEmployee and create Login Credentials" classname="Add new Employee" time="12.721">
    <error message="Keys to send should be a not null CharSequence" type="java.lang.IllegalArgumentException"><![CDATA[java.lang.IllegalArgumentException: Keys to send should be a not null CharSequence
]]></error>
    <system-out><![CDATA[
@AddEmployee @smoke
Scenario: AddEmployee and create Login Credentials                 # src/test/resources/features/AddEmployee.feature:24
  Given user is logged with valid admin credentials                # com.hrms.steps.LoginSteps.user_is_logged_with_valid_admin_credentials()
  And user navigates to AddEmployeePage                            # com.hrms.steps.AddEmployeeSteps.user_navigates_to_AddEmployeePage()
  When user enters employees "James" and "Smith"                   # com.hrms.steps.AddEmployeeSteps.user_enters_employees_first_name_and_last_name(java.lang.String,java.lang.String)
  And user clicks on create login checkbox                         # com.hrms.steps.AddEmployeeSteps.user_clicks_on_create_login_checkbox()
  And user enters login credentials as "James123" and "James123.." # com.hrms.steps.AddEmployeeSteps.user_enters_login_credentials(java.lang.String,java.lang.String)
      java.lang.IllegalArgumentException: Keys to send should be a not null CharSequence
	at org.openqa.selenium.remote.RemoteWebElement.sendKeys(RemoteWebElement.java:97)
	at java.base/jdk.internal.reflect.NativeMethodAccessorImpl.invoke0(Native Method)
	at java.base/jdk.internal.reflect.NativeMethodAccessorImpl.invoke(NativeMethodAccessorImpl.java:62)
	at java.base/jdk.internal.reflect.DelegatingMethodAccessorImpl.invoke(DelegatingMethodAccessorImpl.java:43)
	at java.base/java.lang.reflect.Method.invoke(Method.java:567)
	at org.openqa.selenium.support.pagefactory.internal.LocatingElementHandler.invoke(LocatingElementHandler.java:51)
	at com.sun.proxy.$Proxy19.sendKeys(Unknown Source)
	at com.hrms.utils.CommonMethods.sendText(CommonMethods.java:33)
	at com.hrms.pages.AddEmployeePageElements.createEmpLoginCR(AddEmployeePageElements.java:45)
	at com.hrms.steps.AddEmployeeSteps.user_enters_login_credentials(AddEmployeeSteps.java:69)
	at ?.user enters login credentials as "James123" and "James123.."(file:///C:/Users/sushi/eclipse-workspace/HrmsCucumber/src/test/resources/features/AddEmployee.feature:27)

  And user clicks save button                                      # com.hrms.steps.AddEmployeeSteps.user_clicks_save_button()
  Then "James Smith" is added successfully                         # com.hrms.steps.AddEmployeeSteps.employee_is_added_successfully(java.lang.String)

    Embedding AddEmployee and create Login Credentials [image/png 83716 bytes]

]]></system-out>
    <system-err><![CDATA[Starting ChromeDriver 83.0.4103.39 (ccbf011cb2d2b19b506d844400483861342c20cd-refs/branch-heads/4103@{#416}) on port 40300
Only local connections are allowed.
Please see https://chromedriver.chromium.org/security-considerations for suggestions on keeping ChromeDriver safe.
ChromeDriver was started successfully.
Jun 12, 2020 6:41:58 PM org.openqa.selenium.remote.ProtocolHandshake createSession
INFO: Detected dialect: W3C
]]></system-err>
  </testcase>
  <testcase name="valid admin and ess login" classname="Login" time="7.139"/>
  <testcase name="valid admin and ess login" classname="Login" time="7.314"/>
  <testcase name="Search employee by id" classname="Employee Search" time="14.043"/>
</testsuite>